<?xml version="1.0" encoding="UTF-8"?>
<!-- Generated by org.testng.reporters.JUnitReportReporter -->
<testsuite hostname="DESKTOP-1LC38KR" failures="0" tests="2" name="testNG.CrossBrowserTesting" time="40.868" errors="0" timestamp="2022-11-08T21:22:18 IST" skipped="0">
  <testcase classname="testNG.CrossBrowserTesting" name="EdgeBrowserTest" time="16.103"/>
  <system-out/>
  <testcase classname="testNG.CrossBrowserTesting" name="ChromeBrowserTeSt" time="24.765"/>
  <system-out/>
</testsuite> <!-- testNG.CrossBrowserTesting -->
