<?xml version="1.0" encoding="UTF-8"?>
<!-- Generated by org.testng.reporters.JUnitReportReporter -->
<testsuite hostname="DESKTOP-1LC38KR" failures="0" tests="1" name="testNG.DataRaedFromPropertiesFile" time="0.013" errors="0" timestamp="2022-11-11T20:57:22 IST" skipped="0">
  <testcase classname="testNG.DataRaedFromPropertiesFile" name="TestCase" time="0.013"/>
  <system-out/>
</testsuite> <!-- testNG.DataRaedFromPropertiesFile -->
