<?xml version="1.0" encoding="UTF-8"?>
<!-- Generated by org.testng.reporters.JUnitReportReporter -->
<testsuite hostname="DESKTOP-1LC38KR" failures="0" tests="2" name="testNG.AssertionDemo" time="0.016" errors="0" timestamp="2022-11-17T21:16:47 IST" skipped="0">
  <testcase classname="testNG.AssertionDemo" name="softAssert" time="0.005"/>
  <system-out/>
  <testcase classname="testNG.AssertionDemo" name="hardAssert" time="0.011"/>
  <system-out/>
</testsuite> <!-- testNG.AssertionDemo -->
