<?xml version="1.0" encoding="UTF-8"?>
<!-- Generated by org.testng.reporters.JUnitReportReporter -->
<testsuite hostname="DESKTOP-1LC38KR" failures="0" tests="1" name="FrameWorkDesign.LoginPageTest" time="2.216" errors="0" timestamp="2022-11-10T21:41:21 IST" skipped="0">
  <testcase classname="FrameWorkDesign.LoginPageTest" name="testCase1" time="2.216"/>
  <system-out/>
</testsuite> <!-- FrameWorkDesign.LoginPageTest -->
