<?xml version="1.0" encoding="UTF-8"?>
<!-- Generated by org.testng.reporters.JUnitReportReporter -->
<testsuite hostname="DESKTOP-1LC38KR" failures="0" tests="1" name="dataDrivenFramework.ExcelDataRead" time="0.626" errors="0" timestamp="2022-11-20T17:21:12 IST" skipped="0">
  <testcase classname="dataDrivenFramework.ExcelDataRead" name="dataRead" time="0.626"/>
  <system-out/>
</testsuite> <!-- dataDrivenFramework.ExcelDataRead -->
