<?xml version="1.0" encoding="UTF-8"?>
<!-- Generated by org.testng.reporters.JUnitReportReporter -->
<testsuite hostname="DESKTOP-1LC38KR" failures="0" tests="1" name="testNG.ScreenShotDemo" time="8.044" errors="0" timestamp="2022-11-21T20:50:14 IST" skipped="0">
  <testcase classname="testNG.ScreenShotDemo" name="capture" time="8.044"/>
  <system-out/>
</testsuite> <!-- testNG.ScreenShotDemo -->
