<?xml version="1.0" encoding="UTF-8"?>
<!-- Generated by org.testng.reporters.JUnitReportReporter -->
<testsuite hostname="DESKTOP-1LC38KR" failures="0" tests="2" name="testNG.DataPassingWithXML" time="10.970" errors="0" timestamp="2022-11-14T21:24:46 IST" skipped="0">
  <testcase classname="testNG.DataPassingWithXML" name="testCase" time="0.003"/>
  <system-out/>
  <testcase classname="testNG.DataPassingWithXML" name="hrmLogin" time="10.967"/>
  <system-out/>
</testsuite> <!-- testNG.DataPassingWithXML -->
