<?xml version="1.0" encoding="UTF-8"?>
<!-- Generated by org.testng.reporters.JUnitReportReporter -->
<testsuite hostname="DESKTOP-1LC38KR" failures="0" tests="3" name="testNG.TestDemo2" time="10.642" errors="0" timestamp="2022-11-08T20:50:09 IST" skipped="0">
  <testcase classname="testNG.TestDemo2" name="googleTest" time="5.611"/>
  <system-out/>
  <testcase classname="testNG.TestDemo2" name="facebookTest" time="2.301"/>
  <system-out/>
  <testcase classname="testNG.TestDemo2" name="facebookTest" time="2.730"/>
  <system-out/>
</testsuite> <!-- testNG.TestDemo2 -->
