<?xml version="1.0" encoding="UTF-8"?>
<!-- Generated by org.testng.reporters.JUnitReportReporter -->
<testsuite hostname="DESKTOP-1LC38KR" failures="0" tests="1" name="testNG.OrengeHrmPropertyFile" time="10.468" errors="0" timestamp="2022-11-15T21:26:47 IST" skipped="0">
  <testcase classname="testNG.OrengeHrmPropertyFile" name="hrmLogoin" time="10.468"/>
  <system-out/>
</testsuite> <!-- testNG.OrengeHrmPropertyFile -->
