<?xml version="1.0" encoding="UTF-8"?>
<!-- Generated by org.testng.reporters.JUnitReportReporter -->
<testsuite hostname="DESKTOP-1LC38KR" failures="0" tests="2" name="testNG.TestDemo1" time="0.008" errors="0" timestamp="2022-12-15T20:46:51 IST" skipped="0">
  <testcase classname="testNG.TestDemo1" name="testCase1" time="0.007"/>
  <system-out/>
  <testcase classname="testNG.TestDemo1" name="testCase2" time="0.001"/>
  <system-out/>
</testsuite> <!-- testNG.TestDemo1 -->
