<?xml version="1.0" encoding="UTF-8"?>
<!-- Generated by org.testng.reporters.JUnitReportReporter -->
<testsuite hostname="DESKTOP-1LC38KR" failures="0" tests="2" name="testNG.RealTimeAnnotation" time="4.417" errors="0" timestamp="2022-11-10T20:43:33 IST" skipped="0">
  <testcase classname="testNG.RealTimeAnnotation" name="HrmLogin" time="2.175"/>
  <system-out/>
  <testcase classname="testNG.RealTimeAnnotation" name="Hrmlogout" time="2.242"/>
  <system-out/>
</testsuite> <!-- testNG.RealTimeAnnotation -->
