<?xml version="1.0" encoding="UTF-8"?>
<!-- Generated by org.testng.reporters.JUnitReportReporter -->
<testsuite hostname="DESKTOP-1LC38KR" failures="0" tests="5" name="dataDrivenFramework.DataDrivenDemo" time="0.013" errors="0" timestamp="2022-11-18T12:33:07 IST" skipped="0">
  <testcase classname="dataDrivenFramework.DataDrivenDemo" name="testCase" time="0.000"/>
  <system-out/>
  <testcase classname="dataDrivenFramework.DataDrivenDemo" name="testCase" time="0.002"/>
  <system-out/>
  <testcase classname="dataDrivenFramework.DataDrivenDemo" name="testCase" time="0.002"/>
  <system-out/>
  <testcase classname="dataDrivenFramework.DataDrivenDemo" name="testCase" time="0.008"/>
  <system-out/>
  <testcase classname="dataDrivenFramework.DataDrivenDemo" name="testCase" time="0.001"/>
  <system-out/>
</testsuite> <!-- dataDrivenFramework.DataDrivenDemo -->
