<?xml version="1.0" encoding="UTF-8"?>
<!-- Generated by org.testng.reporters.JUnitReportReporter -->
<testsuite hostname="DESKTOP-1LC38KR" failures="0" tests="1" name="testNG.GoogleTest" time="13.126" errors="0" timestamp="2022-12-15T20:46:51 IST" skipped="0">
  <testcase classname="testNG.GoogleTest" name="ChromeTest" time="13.126"/>
  <system-out/>
</testsuite> <!-- testNG.GoogleTest -->
